<?xml version="1.0" encoding="UTF-8"?>
<!-- Generated by org.testng.reporters.JUnitReportReporter -->
<testsuite hostname="AARAM" failures="0" tests="1" name="january.Annotations" time="0.009" errors="0" timestamp="2023-01-31T21:18:10 GMT-06:00" skipped="0">
  <testcase classname="january.Annotations" name="testCase" time="0.009"/>
  <system-out/>
</testsuite> <!-- january.Annotations -->
