<?xml version="1.0" encoding="UTF-8"?>
<!-- Generated by org.testng.reporters.JUnitReportReporter -->
<testsuite hostname="AARAM" failures="0" tests="1" name="tutorialsninja_website.Search_Product" time="6.264" errors="0" timestamp="2023-04-29T23:25:13 EDT" skipped="0">
  <testcase classname="tutorialsninja_website.Search_Product" name="login" time="6.264"/>
  <system-out/>
</testsuite> <!-- tutorialsninja_website.Search_Product -->
