<?xml version="1.0" encoding="UTF-8"?>
<!-- Generated by org.testng.reporters.JUnitReportReporter -->
<testsuite hostname="AARAM" failures="0" tests="1" name="tutorialsninja_website.Login" time="12.219" errors="0" timestamp="2023-04-29T23:37:32 EDT" skipped="0">
  <testcase classname="tutorialsninja_website.Login" name="login" time="12.219"/>
  <system-out/>
</testsuite> <!-- tutorialsninja_website.Login -->
