<?xml version="1.0" encoding="UTF-8"?>
<!-- Generated by org.testng.reporters.JUnitReportReporter -->
<testsuite hostname="AARAM" failures="0" tests="1" name="january.WebDriver" time="87.309" errors="0" timestamp="2023-01-31T22:40:31 GMT-06:00" skipped="0">
  <testcase classname="january.WebDriver" name="clickOnSigninLink" time="87.309"/>
  <system-out/>
</testsuite> <!-- january.WebDriver -->
