<?xml version="1.0" encoding="UTF-8"?>
<!-- Generated by org.testng.reporters.JUnitReportReporter -->
<testsuite hostname="AARAM" failures="0" tests="1" name="tutorialsninja_website.Register" time="11.189" errors="0" timestamp="2023-04-29T23:19:54 EDT" skipped="0">
  <testcase classname="tutorialsninja_website.Register" name="login" time="11.189"/>
  <system-out/>
</testsuite> <!-- tutorialsninja_website.Register -->
